<?xml version="1.0" encoding="UTF-8"?>
<!-- Generated by org.testng.reporters.JUnitXMLReporter -->
<testsuite ignored="0" hostname="Sharad" failures="0" tests="6" name="TestBankingSystem" time="0.36" errors="0" timestamp="2021-04-23T14:30:47 IST">
  <testcase classname="UnitTestBanking.Banking.TestBankingSystem" name="TestIntitialAmount" time="0.034"/>
  <testcase classname="UnitTestBanking.Banking.TestBankingSystem" name="TestValidDeposite" time="0.015"/>
  <testcase classname="UnitTestBanking.Banking.TestBankingSystem" name="TestValidAccoutNo" time="0.007"/>
  <testcase classname="UnitTestBanking.Banking.TestBankingSystem" name="TestValidWithdrawal" time="0.01"/>
  <testcase classname="UnitTestBanking.Banking.TestBankingSystem" name="TestObjects" time="0.007"/>
  <testcase classname="UnitTestBanking.Banking.TestBankingSystem" name="TestObjects" time="0.014"/>
</testsuite> <!-- TestBankingSystem -->
