<?xml version="1.0" encoding="UTF-8"?>
<testng-results ignored="4" total="5" passed="1" failed="0" skipped="0">
  <reporter-output>
  </reporter-output>
  <suite started-at="2021-04-23T17:55:01 IST" name="RegressionTesting" finished-at="2021-04-23T17:55:01 IST" duration-ms="299">
    <groups>
      <group name="RegressionTesting">
        <method signature="TestBankingSystem.TestValidAccoutNo()[pri:1, instance:UnitTestBanking.Banking.TestBankingSystem@61dd025]" name="TestValidAccoutNo" class="UnitTestBanking.Banking.TestBankingSystem"/>
      </group> <!-- RegressionTesting -->
    </groups>
    <test started-at="2021-04-23T17:55:01 IST" name="TestBankingSystem" finished-at="2021-04-23T17:55:01 IST" duration-ms="299">
      <class name="UnitTestBanking.Banking.TestBankingSystem">
        <test-method is-config="true" signature="InitRegression()[pri:0, instance:UnitTestBanking.Banking.TestBankingSystem@61dd025]" started-at="2021-04-23T17:55:01 IST" name="InitRegression" finished-at="2021-04-23T17:55:01 IST" duration-ms="24" status="PASS">
          <reporter-output>
          </reporter-output>
        </test-method> <!-- InitRegression -->
        <test-method signature="TestValidAccoutNo()[pri:1, instance:UnitTestBanking.Banking.TestBankingSystem@61dd025]" started-at="2021-04-23T17:55:01 IST" name="TestValidAccoutNo" finished-at="2021-04-23T17:55:01 IST" duration-ms="72" status="PASS">
          <reporter-output>
          </reporter-output>
        </test-method> <!-- TestValidAccoutNo -->
      </class> <!-- UnitTestBanking.Banking.TestBankingSystem -->
    </test> <!-- TestBankingSystem -->
  </suite> <!-- RegressionTesting -->
</testng-results>
