<?xml version="1.0" encoding="UTF-8"?>
<!-- Generated by org.testng.reporters.JUnitXMLReporter -->
<testsuite ignored="4" hostname="Sharad" failures="0" tests="1" name="TestBankingSystem" time="0.299" errors="0" timestamp="2021-04-23T17:55:02 IST">
  <testcase classname="UnitTestBanking.Banking.TestBankingSystem" name="TestValidAccoutNo" time="0.072"/>
  <testcase classname="UnitTestBanking.Banking.TestBankingSystem" name="TestObjects" time="0.0">
    <ignored/>
  </testcase> <!-- TestObjects -->
  <testcase classname="UnitTestBanking.Banking.TestBankingSystem" name="TestValidWithdrawal" time="0.0">
    <ignored/>
  </testcase> <!-- TestValidWithdrawal -->
  <testcase classname="UnitTestBanking.Banking.TestBankingSystem" name="TestValidDeposite" time="0.0">
    <ignored/>
  </testcase> <!-- TestValidDeposite -->
  <testcase classname="UnitTestBanking.Banking.TestBankingSystem" name="TestIntitialAmount" time="0.0">
    <ignored/>
  </testcase> <!-- TestIntitialAmount -->
</testsuite> <!-- TestBankingSystem -->
